[0mGET / [36m304 [0m294.940 ms - -[0m
[0mGET /bootstrap/css/bootstrap.min.css [32m200 [0m4.130 ms - 106006[0m
[0mGET /bootstrap/css/bootstrap-responsive.min.css [32m200 [0m0.836 ms - 16840[0m
[0mGET /graph.png [33m404 [0m26.418 ms - 945[0m
[0mGET /stylesheets/style.css [32m200 [0m27.468 ms - 1698[0m
[0mGET /bootstrap/js/bootstrap.min.js [32m200 [0m27.508 ms - 28631[0m
[0mGET /stylesheets/frost.jpg [33m404 [0m29.881 ms - 945[0m
[0mGET /favicon.ico [33m404 [0m21.267 ms - 945[0m
[0mGET /coffee [36m304 [0m102.706 ms - -[0m
[0mGET /bootstrap/css/bootstrap.min.css [36m304 [0m0.551 ms - -[0m
[0mGET /bootstrap/css/bootstrap-responsive.min.css [36m304 [0m0.564 ms - -[0m
[0mGET /stylesheets/style.css [36m304 [0m0.453 ms - -[0m
[0mGET /bootstrap/js/bootstrap.min.js [36m304 [0m0.200 ms - -[0m
[0mGET /graph.png [33m404 [0m19.512 ms - 945[0m
[0mGET /stylesheets/frost.jpg [33m404 [0m37.741 ms - 945[0m
[0mGET /bootstrap/img/glyphicons-halflings.png [32m200 [0m38.383 ms - 12799[0m
[0mGET /coffee/worldmap [32m200 [0m20.345 ms - 1355[0m
[0mGET /scripts/chartBuilder.js [32m200 [0m0.364 ms - 10528[0m
[0mGET /bootstrap/js/bootstrap.min.js [36m304 [0m1.018 ms - -[0m
[0mGET /stylesheets/style.css [36m304 [0m1.078 ms - -[0m
[0mGET /bootstrap/css/bootstrap.min.css [36m304 [0m1.133 ms - -[0m
[0mGET /bootstrap/css/bootstrap-responsive.min.css [36m304 [0m1.066 ms - -[0m
[0mGET /stylesheets/frost.jpg [33m404 [0m27.127 ms - 945[0m
[0mGET /external_data/ICO.json [32m200 [0m0.475 ms - 1013912[0m
[0mGET /coffee/worldmap/download/?country_name=WORLD [32m200 [0m2.285 ms - 7912[0m
[0mGET /coffee/worldmap/download/?country_name=Australia [32m200 [0m2.184 ms - 7912[0m
[0mGET /coffee/worldmap/download/?country_name=China%20(Mainland) [32m200 [0m1.007 ms - 7912[0m
[0mGET / [32m200 [0m47.371 ms - 1580[0m
[0mGET / [32m200 [0m59.726 ms - 1580[0m
[0mGET / [36m304 [0m58.935 ms - -[0m
[0mGET /graph.png [33m404 [0m24.840 ms - 945[0m
[0mGET /bootstrap/css/bootstrap.min.css [36m304 [0m0.447 ms - -[0m
[0mGET /bootstrap/css/bootstrap-responsive.min.css [36m304 [0m0.763 ms - -[0m
[0mGET /stylesheets/style.css [36m304 [0m0.679 ms - -[0m
[0mGET /bootstrap/js/bootstrap.min.js [36m304 [0m0.759 ms - -[0m
[0mGET /stylesheets/frost.jpg [33m404 [0m20.078 ms - 945[0m
[0mGET /coffee [36m304 [0m79.858 ms - -[0m
[0mGET /bootstrap/css/bootstrap.min.css [36m304 [0m0.352 ms - -[0m
[0mGET /bootstrap/css/bootstrap-responsive.min.css [36m304 [0m1.018 ms - -[0m
[0mGET /graph.png [33m404 [0m14.407 ms - 945[0m
[0mGET /bootstrap/js/bootstrap.min.js [36m304 [0m14.413 ms - -[0m
[0mGET /stylesheets/style.css [36m304 [0m14.466 ms - -[0m
[0mGET /stylesheets/frost.jpg [33m404 [0m33.145 ms - 945[0m
[0mGET /bootstrap/img/glyphicons-halflings.png [36m304 [0m33.228 ms - -[0m
[0mGET /coffee/worldmap [36m304 [0m51.729 ms - -[0m
[0mGET /bootstrap/js/bootstrap.min.js [36m304 [0m0.947 ms - -[0m
[0mGET /bootstrap/css/bootstrap.min.css [36m304 [0m0.881 ms - -[0m
[0mGET /stylesheets/style.css [36m304 [0m0.907 ms - -[0m
[0mGET /bootstrap/css/bootstrap-responsive.min.css [36m304 [0m0.937 ms - -[0m
[0mGET /scripts/chartBuilder.js [32m200 [0m0.556 ms - 10527[0m
[0mGET /coffee/worldmap/load_maps [33m404 [0m10.279 ms - 945[0m
[0mGET /stylesheets/frost.jpg [33m404 [0m13.260 ms - 945[0m
[0mGET /coffee/worldmap [36m304 [0m15.551 ms - -[0m
[0mGET /bootstrap/css/bootstrap.min.css [36m304 [0m0.284 ms - -[0m
[0mGET /bootstrap/css/bootstrap-responsive.min.css [36m304 [0m0.272 ms - -[0m
[0mGET /scripts/chartBuilder.js [36m304 [0m0.530 ms - -[0m
[0mGET /bootstrap/js/bootstrap.min.js [36m304 [0m0.541 ms - -[0m
[0mGET /stylesheets/style.css [36m304 [0m0.177 ms - -[0m
[0mGET /coffee/worldmap/load_maps [33m404 [0m11.403 ms - 945[0m
[0mGET /stylesheets/frost.jpg [32m200 [0m0.510 ms - 99338[0m
[0mGET /coffee/worldmap [36m304 [0m15.416 ms - -[0m
[0mGET /bootstrap/css/bootstrap.min.css [36m304 [0m0.195 ms - -[0m
[0mGET /bootstrap/css/bootstrap-responsive.min.css [36m304 [0m0.273 ms - -[0m
[0mGET /stylesheets/style.css [36m304 [0m0.180 ms - -[0m
[0mGET /bootstrap/js/bootstrap.min.js [36m304 [0m0.458 ms - -[0m
[0mGET /scripts/chartBuilder.js [36m304 [0m0.218 ms - -[0m
[0mGET /coffee/worldmap/load_maps [33m404 [0m11.944 ms - 945[0m
[0mGET /stylesheets/frost.jpg [36m304 [0m0.205 ms - -[0m
